The target system is: Generic - 4.2.0 - arm
The host system is: Linux - 6.1.0-37-amd64 - x86_64
Compiling the C compiler identification source file "CMakeCCompilerId.c" succeeded.
Compiler: /home/pininsu/zephyr-sdk-0.17.2/arm-zephyr-eabi/bin/arm-zephyr-eabi-gcc 
Build flags: 
Id flags: -c 

The output was:
0


Compilation of the C compiler identification source "CMakeCCompilerId.c" produced "CMakeCCompilerId.o"

The C compiler identification is GNU, found in "/home/pininsu/Documents/BitDogZephyr/zephyrproject/applications/bitdog_button_blinky/build/CMakeFiles/3.21.1/CompilerIdC/CMakeCCompilerId.o"

Compiling the CXX compiler identification source file "CMakeCXXCompilerId.cpp" succeeded.
Compiler: /home/pininsu/zephyr-sdk-0.17.2/arm-zephyr-eabi/bin/arm-zephyr-eabi-g++ 
Build flags: 
Id flags: -c 

The output was:
0


Compilation of the CXX compiler identification source "CMakeCXXCompilerId.cpp" produced "CMakeCXXCompilerId.o"

The CXX compiler identification is GNU, found in "/home/pininsu/Documents/BitDogZephyr/zephyrproject/applications/bitdog_button_blinky/build/CMakeFiles/3.21.1/CompilerIdCXX/CMakeCXXCompilerId.o"

Checking whether the ASM compiler is GNU using "--version" matched "(GNU assembler)|(GCC)|(Free Software Foundation)":
arm-zephyr-eabi-gcc (Zephyr SDK 0.17.2) 12.2.0
Copyright (C) 2022 Free Software Foundation, Inc.
This is free software; see the source for copying conditions.  There is NO
warranty; not even for MERCHANTABILITY or FITNESS FOR A PARTICULAR PURPOSE.

Performing C SOURCE FILE Test check_fmacro_prefix_map__home_pininsu_Documents_BitDogZephyr_zephyrproject_applications_bitdog_button_blinky_CMAKE_SOURCE_DIR_C__nostartfiles__nostdlib__isystem___home_pininsu_zephyr_sdk_0_17_2_arm_zephyr_eabi_bin____lib_gcc_arm_zephyr_eabi_12_2_0_include___isystem___home_pininsu_zephyr_sdk_0_17_2_arm_zephyr_eabi_bin____lib_gcc_arm_zephyr_eabi_12_2_0_include_fixed___Wl___unresolved_symbols_ignore_in_object_files__Wl___entry_0__fuse_ld_bfd succeeded with the following output:
Change Dir: /home/pininsu/Documents/BitDogZephyr/zephyrproject/applications/bitdog_button_blinky/build/CMakeFiles/CMakeTmp

Run Build Command(s):/usr/bin/ninja cmTC_84c04 && [1/2] Building C object CMakeFiles/cmTC_84c04.dir/src.c.obj
[2/2] Linking C executable cmTC_84c04


Source file was:
int main(void) { return 0; }
